<?xml version="1.0" encoding="UTF-8"?>
<!-- Generated by org.testng.reporters.JUnitReportReporter -->
<testsuite hostname="DESKTOP-IA8A2H9" failures="1" tests="1" name="org.iitwf.healthcare.mmppixel.SendMessageTests" time="30.897" errors="0" timestamp="2025-06-24T16:44:42 EDT" skipped="0">
  <testcase classname="org.iitwf.healthcare.mmppixel.SendMessageTests" name="MMP_PAT_SNDM_001_Send_Messages" time="30.897">
    <failure message="Maps do not match for key:date actual: expected:25-06-2025" type="java.lang.AssertionError">
      <![CDATA[java.lang.AssertionError: Maps do not match for key:date actual: expected:25-06-2025
at org.testng.Assert.fail(Assert.java:99)
at org.testng.Assert.assertEquals(Assert.java:1458)
at org.testng.Assert.assertEquals(Assert.java:1412)
at org.iitwf.healthcare.mmppixel.SendMessageTests.MMP_PAT_SNDM_001_Send_Messages(SendMessageTests.java:56)
at java.base/jdk.internal.reflect.DirectMethodHandleAccessor.invoke(DirectMethodHandleAccessor.java:103)
at java.base/java.lang.reflect.Method.invoke(Method.java:580)
at org.testng.internal.MethodInvocationHelper.invokeMethod(MethodInvocationHelper.java:133)
at org.testng.internal.TestInvoker.invokeMethod(TestInvoker.java:598)
at org.testng.internal.TestInvoker.invokeTestMethod(TestInvoker.java:173)
at org.testng.internal.MethodRunner.runInSequence(MethodRunner.java:46)
at org.testng.internal.TestInvoker$MethodInvocationAgent.invoke(TestInvoker.java:824)
at org.testng.internal.TestInvoker.invokeTestMethods(TestInvoker.java:146)
at org.testng.internal.TestMethodWorker.invokeTestMethods(TestMethodWorker.java:146)
at org.testng.internal.TestMethodWorker.run(TestMethodWorker.java:128)
at java.base/java.util.ArrayList.forEach(ArrayList.java:1596)
at org.testng.TestRunner.privateRun(TestRunner.java:794)
at org.testng.TestRunner.run(TestRunner.java:596)
at org.testng.SuiteRunner.runTest(SuiteRunner.java:377)
at org.testng.SuiteRunner.runSequentially(SuiteRunner.java:371)
at org.testng.SuiteRunner.privateRun(SuiteRunner.java:332)
at org.testng.SuiteRunner.run(SuiteRunner.java:276)
at org.testng.SuiteRunnerWorker.runSuite(SuiteRunnerWorker.java:53)
at org.testng.SuiteRunnerWorker.run(SuiteRunnerWorker.java:96)
at org.testng.TestNG.runSuitesSequentially(TestNG.java:1212)
at org.testng.TestNG.runSuitesLocally(TestNG.java:1134)
at org.testng.TestNG.runSuites(TestNG.java:1063)
at org.testng.TestNG.run(TestNG.java:1031)
at org.testng.remote.AbstractRemoteTestNG.run(AbstractRemoteTestNG.java:115)
at org.testng.remote.RemoteTestNG.initAndRun(RemoteTestNG.java:293)
at org.testng.remote.RemoteTestNG.main(RemoteTestNG.java:91)
]]>
    </failure>
  </testcase> <!-- MMP_PAT_SNDM_001_Send_Messages -->
  <system-out/>
</testsuite> <!-- org.iitwf.healthcare.mmppixel.SendMessageTests -->
