<?xml version="1.0" encoding="UTF-8"?>
<!-- Generated by org.testng.reporters.JUnitReportReporter -->
<testsuite hostname="DESKTOP-IA8A2H9" failures="0" tests="3" name="org.iitwf.healthcare.mmppixel.DataProviderEx" time="0.030" errors="0" timestamp="2025-06-24T12:42:07 EDT" skipped="0">
  <testcase classname="org.iitwf.healthcare.mmppixel.DataProviderEx" name="verifyData1" time="0.004"/>
  <system-out/>
  <testcase classname="org.iitwf.healthcare.mmppixel.DataProviderEx" name="verifyData1" time="0.016"/>
  <system-out/>
  <testcase classname="org.iitwf.healthcare.mmppixel.DataProviderEx" name="verifyData1" time="0.010"/>
  <system-out/>
</testsuite> <!-- org.iitwf.healthcare.mmppixel.DataProviderEx -->
