<?xml version="1.0" encoding="UTF-8"?>
<!-- Generated by org.testng.reporters.JUnitReportReporter -->
<testsuite hostname="DESKTOP-IA8A2H9" failures="0" tests="1" name="org.iitwf.healthcare.mmppixel.ScheduleAppointmentTests" time="23.935" errors="0" timestamp="2025-06-24T14:38:31 EDT" skipped="0">
  <testcase classname="org.iitwf.healthcare.mmppixel.ScheduleAppointmentTests" name="MMP_PAT_SCH_001_Schedule_Appointment" time="23.935"/>
  <system-out/>
</testsuite> <!-- org.iitwf.healthcare.mmppixel.ScheduleAppointmentTests -->
