<?xml version="1.0" encoding="UTF-8"?>
<!-- Generated by org.testng.reporters.JUnitReportReporter -->
<testsuite hostname="DESKTOP-IA8A2H9" failures="0" tests="1" name="org.iitwf.healthcare.mmppixel.ScheduleAppointmentTests" time="32.603" errors="0" timestamp="2025-07-02T15:34:47 EDT" skipped="0">
  <testcase classname="org.iitwf.healthcare.mmppixel.ScheduleAppointmentTests" name="MMP_PAT_SCH_001_Schedule_Appointment" time="32.603"/>
  <system-out/>
</testsuite> <!-- org.iitwf.healthcare.mmppixel.ScheduleAppointmentTests -->
