<?xml version="1.0" encoding="UTF-8"?>
<testng-results ignored="0" total="1" passed="1" failed="0" skipped="0">
  <reporter-output>
  </reporter-output>
  <suite started-at="2025-07-02T15:34:02 EDT" name="Default suite" finished-at="2025-07-02T15:34:44 EDT" duration-ms="42738">
    <groups>
      <group name="functest">
        <method signature="ScheduleAppointmentTests.MMP_PAT_SCH_001_Schedule_Appointment()[pri:0, instance:org.iitwf.healthcare.mmppixel.ScheduleAppointmentTests@4cc451f2]" name="MMP_PAT_SCH_001_Schedule_Appointment" class="org.iitwf.healthcare.mmppixel.ScheduleAppointmentTests"/>
      </group> <!-- functest -->
    </groups>
    <test started-at="2025-07-02T15:34:02 EDT" name="Default test" finished-at="2025-07-02T15:34:44 EDT" duration-ms="42738">
      <class name="org.iitwf.healthcare.mmppixel.ScheduleAppointmentTests">
        <test-method is-config="true" signature="loadReports()[pri:0, instance:org.iitwf.healthcare.mmppixel.ScheduleAppointmentTests@4cc451f2]" started-at="2025-07-02T15:34:01 EDT" name="loadReports" finished-at="2025-07-02T15:34:02 EDT" duration-ms="448" status="PASS">
          <reporter-output>
          </reporter-output>
        </test-method> <!-- loadReports -->
        <test-method is-config="true" signature="setUp()[pri:0, instance:org.iitwf.healthcare.mmppixel.ScheduleAppointmentTests@4cc451f2]" started-at="2025-07-02T15:34:02 EDT" name="setUp" finished-at="2025-07-02T15:34:12 EDT" duration-ms="9899" status="PASS">
          <reporter-output>
          </reporter-output>
        </test-method> <!-- setUp -->
        <test-method signature="MMP_PAT_SCH_001_Schedule_Appointment()[pri:0, instance:org.iitwf.healthcare.mmppixel.ScheduleAppointmentTests@4cc451f2]" started-at="2025-07-02T15:34:12 EDT" name="MMP_PAT_SCH_001_Schedule_Appointment" finished-at="2025-07-02T15:34:44 EDT" duration-ms="32603" status="PASS">
          <reporter-output>
          </reporter-output>
        </test-method> <!-- MMP_PAT_SCH_001_Schedule_Appointment -->
        <test-method is-config="true" signature="closeResources()[pri:0, instance:org.iitwf.healthcare.mmppixel.ScheduleAppointmentTests@4cc451f2]" started-at="2025-07-02T15:34:45 EDT" name="closeResources" finished-at="2025-07-02T15:34:47 EDT" duration-ms="2248" status="PASS">
          <reporter-output>
          </reporter-output>
        </test-method> <!-- closeResources -->
      </class> <!-- org.iitwf.healthcare.mmppixel.ScheduleAppointmentTests -->
    </test> <!-- Default test -->
  </suite> <!-- Default suite -->
</testng-results>
