<?xml version="1.0" encoding="UTF-8"?>
<testng-results ignored="0" total="1" passed="1" failed="0" skipped="0">
  <reporter-output>
  </reporter-output>
  <suite started-at="2025-06-24T17:16:15 EDT" name="Default suite" finished-at="2025-06-24T17:16:31 EDT" duration-ms="16319">
    <groups>
    </groups>
    <test started-at="2025-06-24T17:16:15 EDT" name="Default test" finished-at="2025-06-24T17:16:31 EDT" duration-ms="16319">
      <class name="org.iitwf.healthcare.mmppixel.LoginTests">
        <test-method is-config="true" signature="loadReports()[pri:0, instance:org.iitwf.healthcare.mmppixel.LoginTests@7b9a4292]" started-at="2025-06-24T17:16:14 EDT" name="loadReports" finished-at="2025-06-24T17:16:15 EDT" duration-ms="586" status="PASS">
          <reporter-output>
          </reporter-output>
        </test-method> <!-- loadReports -->
        <test-method is-config="true" signature="setUp()[pri:0, instance:org.iitwf.healthcare.mmppixel.LoginTests@7b9a4292]" started-at="2025-06-24T17:16:15 EDT" name="setUp" finished-at="2025-06-24T17:16:19 EDT" duration-ms="3856" status="PASS">
          <reporter-output>
          </reporter-output>
        </test-method> <!-- setUp -->
        <test-method signature="loginAsValidUser()[pri:0, instance:org.iitwf.healthcare.mmppixel.LoginTests@7b9a4292]" started-at="2025-06-24T17:16:19 EDT" name="loginAsValidUser" finished-at="2025-06-24T17:16:31 EDT" duration-ms="12399" status="PASS">
          <reporter-output>
          </reporter-output>
        </test-method> <!-- loginAsValidUser -->
      </class> <!-- org.iitwf.healthcare.mmppixel.LoginTests -->
    </test> <!-- Default test -->
  </suite> <!-- Default suite -->
</testng-results>
